Arguments: 
  /home/reginaldo/.nvm/versions/node/v9.4.0/bin/node /home/reginaldo/.yarn/bin/yarn.js build

PATH: 
  /home/reginaldo/.yarn/bin:/home/reginaldo/.config/yarn/global/node_modules/.bin:/home/reginaldo/bin:/home/reginaldo/.local/bin:/home/reginaldo/.yarn/bin:/home/reginaldo/.config/yarn/global/node_modules/.bin:/home/reginaldo/.nvm/versions/node/v9.4.0/bin:/home/reginaldo/bin:/home/reginaldo/.local/bin:/usr/local/sbin:/usr/local/bin:/usr/sbin:/usr/bin:/sbin:/bin:/usr/games:/usr/local/games:/snap/bin:/home/reginaldo/Android/Sdk/tools:/home/reginaldo/Android/Sdk/platform-tools:/home/reginaldo/Android/Sdk/tools:/home/reginaldo/Android/Sdk/platform-tools

Yarn version: 
  1.5.1

Node version: 
  9.4.0

Platform: 
  linux x64

npm manifest: 
  No manifest

yarn manifest: 
  No manifest

Lockfile: 
  No lockfile

Trace: 
  Error: Couldn't find a package.json file in "/var/www/html/Bill"
      at new MessageError (/home/reginaldo/.yarn/lib/cli.js:186:110)
      at /home/reginaldo/.yarn/lib/cli.js:40048:15
      at Generator.next (<anonymous>)
      at step (/home/reginaldo/.yarn/lib/cli.js:98:30)
      at /home/reginaldo/.yarn/lib/cli.js:109:13
      at <anonymous>
